<?xml version="1.0" encoding="UTF-8"?>
<testsuite xmlns:xsi="http://www.w3.org/2001/XMLSchema-instance" xsi:noNamespaceSchemaLocation="https://maven.apache.org/surefire/maven-surefire-plugin/xsd/surefire-test-report-3.0.xsd" version="3.0" name="com.example.restservice.GreetingControllerTests" time="4.54" tests="3" errors="0" skipped="0" failures="1">
  <properties>
[...]
</properties>
  <testcase name="testGreetingWithTraceEnabled" classname="com.example.restservice.GreetingControllerTests" time="0.122">
    <failure message="&#10;Wanted but not invoked:&#10;mockLogger.trace(&#10;    &quot;This is traceable message&quot;&#10;);&#10;-&gt; at com.example.restservice.GreetingControllerTests.testGreetingWithTraceEnabled(GreetingControllerTests.java:62)&#10;Actually, there were zero interactions with this mock.&#10;" type="Wanted but not invoked"><![CDATA[Wanted but not invoked:
mockLogger.trace(
    "This is traceable message"
);
-> at com.example.restservice.GreetingControllerTests.testGreetingWithTraceEnabled(GreetingControllerTests.java:62)
Actually, there were zero interactions with this mock.

	at com.example.restservice.GreetingControllerTests.testGreetingWithTraceEnabled(GreetingControllerTests.java:62)
	at java.base/java.lang.reflect.Method.invoke(Method.java:580)
	at java.base/java.util.ArrayList.forEach(ArrayList.java:1597)
	at java.base/java.util.ArrayList.forEach(ArrayList.java:1597)
]]></failure>
    <system-out><![CDATA[20:41:33.744 [main] INFO org.springframework.test.context.support.AnnotationConfigContextLoaderUtils -- Could not detect default configuration classes for test class [com.example.restservice.GreetingControllerTests]: GreetingControllerTests does not declare any static, non-private, non-final, nested classes annotated with @Configuration.
20:41:33.953 [main] INFO org.springframework.boot.test.context.SpringBootTestContextBootstrapper -- Found @SpringBootConfiguration com.example.restservice.RestServiceApplication for test class com.example.restservice.GreetingControllerTests
  .   ____          _            __ _ _
 /\\ / ___'_ __ _ _(_)_ __  __ _ \ \ \ \
( ( )\___ | '_ | '_| | '_ \/ _` | \ \ \ \
 \\/  ___)| |_)| | | | | || (_| |  ) ) ) )
  '  |____| .__|_| |_|_| |_\__, | / / / /
 =========|_|==============|___/=/_/_/_/

 :: Spring Boot ::                (v3.3.0)

2024-10-19T20:41:34.533-07:00  INFO 2005 --- [           main] c.e.restservice.GreetingControllerTests  : Starting GreetingControllerTests using Java 22.0.2 with PID 2005 (started by toy in /home/toy/myTest/StaticLoggerTest)
2024-10-19T20:41:34.547-07:00  INFO 2005 --- [           main] c.e.restservice.GreetingControllerTests  : No active profile set, falling back to 1 default profile: "default"
2024-10-19T20:41:36.013-07:00  INFO 2005 --- [           main] o.s.b.t.m.w.SpringBootMockServletContext : Initializing Spring TestDispatcherServlet ''
2024-10-19T20:41:36.014-07:00  INFO 2005 --- [           main] o.s.t.web.servlet.TestDispatcherServlet  : Initializing Servlet ''
2024-10-19T20:41:36.017-07:00  INFO 2005 --- [           main] o.s.t.web.servlet.TestDispatcherServlet  : Completed initialization in 2 ms
2024-10-19T20:41:36.045-07:00  INFO 2005 --- [           main] c.e.restservice.GreetingControllerTests  : Started GreetingControllerTests in 1.946 seconds (process running for 3.209)
mockLogger
2024-10-19T20:41:37.744-07:00 TRACE 2005 --- [           main] c.e.restservice.GreetingController       : This is traceable message
]]></system-out>
    <system-err><![CDATA[WARNING: A Java agent has been loaded dynamically (/home/toy/.m2/repository/net/bytebuddy/byte-buddy-agent/1.14.16/byte-buddy-agent-1.14.16.jar)
WARNING: If a serviceability tool is in use, please run with -XX:+EnableDynamicAgentLoading to hide this warning
WARNING: If a serviceability tool is not in use, please run with -Djdk.instrument.traceUsage for more information
WARNING: Dynamic loading of agents will be disallowed by default in a future release
]]></system-err>
  </testcase>
  <testcase name="noParamGreetingShouldReturnDefaultMessage" classname="com.example.restservice.GreetingControllerTests" time="0.188">
    <system-out><![CDATA[2024-10-19T20:41:37.882-07:00 TRACE 2005 --- [           main] c.e.restservice.GreetingController       : This is traceable message

MockHttpServletRequest:
      HTTP Method = GET
      Request URI = /greeting
       Parameters = {}
          Headers = []
             Body = null
    Session Attrs = {}

Handler:
             Type = com.example.restservice.GreetingController
           Method = com.example.restservice.GreetingController#greeting(String)

Async:
    Async started = false
     Async result = null

Resolved Exception:
             Type = null

ModelAndView:
        View name = null
             View = null
            Model = null

FlashMap:
       Attributes = null

MockHttpServletResponse:
           Status = 200
    Error message = null
          Headers = [Content-Type:"application/json"]
     Content type = application/json
             Body = {"id":1,"content":"Hello, World!"}
    Forwarded URL = null
   Redirected URL = null
          Cookies = []
]]></system-out>
  </testcase>
  <testcase name="paramGreetingShouldReturnTailoredMessage" classname="com.example.restservice.GreetingControllerTests" time="0.025">
    <system-out><![CDATA[2024-10-19T20:41:38.010-07:00 TRACE 2005 --- [           main] c.e.restservice.GreetingController       : This is traceable message

MockHttpServletRequest:
      HTTP Method = GET
      Request URI = /greeting
       Parameters = {name=[Spring Community]}
          Headers = []
             Body = null
    Session Attrs = {}

Handler:
             Type = com.example.restservice.GreetingController
           Method = com.example.restservice.GreetingController#greeting(String)

Async:
    Async started = false
     Async result = null

Resolved Exception:
             Type = null

ModelAndView:
        View name = null
             View = null
            Model = null

FlashMap:
       Attributes = null

MockHttpServletResponse:
           Status = 200
    Error message = null
          Headers = [Content-Type:"application/json"]
     Content type = application/json
             Body = {"id":2,"content":"Hello, Spring Community!"}
    Forwarded URL = null
   Redirected URL = null
          Cookies = []
]]></system-out>
  </testcase>
</testsuite>